{
  "RSpec": {
    "coverage": {
      "/home/ialmog55/tic-tac-toe-rb-v-000/lib/tic_tac_toe.rb": [
        1,
        7,
        7,
        7,
        7,
        7,
        null,
        1,
        6,
        null,
        null,
        1,
        6,
        null,
        null,
        1,
        6,
        3,
        null,
        null,
        null,
        null,
        1,
        8,
        5,
        null,
        3,
        null,
        null,
        1,
        2,
        2,
        3,
        3,
        3,
        3,
        null,
        2,
        2,
        null,
        1,
        2,
        2,
        18,
        13,
        null,
        5,
        null,
        null,
        2,
        null,
        1,
        1,
        1,
        null,
        0,
        null,
        null,
        null,
        null,
        null,
        1,
        1,
        14,
        96,
        null,
        null,
        90,
        null,
        null,
        null,
        null,
        null,
        1,
        73,
        6,
        null,
        null,
        1,
        9,
        3,
        null,
        null,
        1,
        4,
        2,
        null,
        null,
        1,
        3,
        2,
        1,
        null,
        null,
        null,
        1,
        12,
        0,
        null,
        0,
        null
      ]
    },
    "timestamp": 1587497506
  }
}
