{
  "RSpec": {
    "coverage": {
      "/home/ialmog55/tic-tac-toe-rb-v-000/lib/tic_tac_toe.rb": [
        1,
        25,
        25,
        25,
        25,
        25,
        null,
        1,
        24,
        null,
        null,
        1,
        23,
        null,
        null,
        1,
        24,
        21,
        null,
        null,
        null,
        null,
        1,
        26,
        23,
        null,
        3,
        null,
        null,
        1,
        20,
        20,
        21,
        21,
        21,
        21,
        null,
        20,
        20,
        null,
        1,
        22,
        22,
        198,
        166,
        null,
        32,
        null,
        null,
        22,
        null,
        1,
        21,
        14,
        null,
        7,
        null,
        null,
        null,
        null,
        null,
        1,
        1,
        31,
        209,
        null,
        null,
        199,
        null,
        null,
        null,
        null,
        null,
        1,
        158,
        8,
        null,
        null,
        1,
        25,
        5,
        null,
        null,
        1,
        23,
        10,
        null,
        null,
        1,
        3,
        2,
        2,
        1,
        0,
        null,
        null,
        null,
        1,
        12,
        18,
        null,
        null,
        null
      ]
    },
    "timestamp": 1587498663
  }
}
